[0m07:46:46.627575 [debug] [MainThread]: Sending event: {'category': 'dbt', 'action': 'invocation', 'label': 'start', 'context': [<snowplow_tracker.self_describing_json.SelfDescribingJson object at 0x7194dc525240>, <snowplow_tracker.self_describing_json.SelfDescribingJson object at 0x7194d865bc70>, <snowplow_tracker.self_describing_json.SelfDescribingJson object at 0x7194d8659e70>]}
[0m07:46:46.626773 [debug] [MainThread]: Sending event: {'category': 'dbt', 'action': 'invocation', 'label': 'start', 'context': [<snowplow_tracker.self_describing_json.SelfDescribingJson object at 0x7f35cc91d210>, <snowplow_tracker.self_describing_json.SelfDescribingJson object at 0x7f35c8913d00>, <snowplow_tracker.self_describing_json.SelfDescribingJson object at 0x7f35c89125f0>]}


============================== 07:46:46.630794 | 398be918-55bd-4625-97da-143e65719208 ==============================
[0m07:46:46.630794 [info ] [MainThread]: Running with dbt=1.8.8
[0m07:46:46.631409 [debug] [MainThread]: running dbt with arguments {'printer_width': '80', 'indirect_selection': 'eager', 'log_cache_events': 'False', 'write_json': 'True', 'partial_parse': 'True', 'cache_selected_only': 'False', 'profiles_dir': '/home/jtsarmento/Projects/airflow-dbt-demo/dbt_project', 'fail_fast': 'False', 'version_check': 'True', 'log_path': '/home/jtsarmento/Projects/airflow-dbt-demo/dbt_project/logs', 'debug': 'False', 'warn_error': 'None', 'use_colors': 'True', 'use_experimental_parser': 'False', 'empty': 'None', 'quiet': 'False', 'no_print': 'None', 'warn_error_options': 'WarnErrorOptions(include=[], exclude=[])', 'introspect': 'True', 'log_format': 'default', 'static_parser': 'True', 'target_path': 'None', 'invocation_command': 'dbt ', 'send_anonymous_usage_stats': 'True'}


============================== 07:46:46.631404 | 5a0f65d5-9711-460a-b3db-5b54c0fde14c ==============================
[0m07:46:46.631404 [info ] [MainThread]: Running with dbt=1.8.8
[0m07:46:46.632304 [debug] [MainThread]: running dbt with arguments {'printer_width': '80', 'indirect_selection': 'eager', 'log_cache_events': 'False', 'write_json': 'True', 'partial_parse': 'True', 'cache_selected_only': 'False', 'profiles_dir': '/home/jtsarmento/Projects/airflow-dbt-demo/dbt_project', 'debug': 'False', 'warn_error': 'None', 'log_path': '/home/jtsarmento/Projects/airflow-dbt-demo/dbt_project/logs', 'version_check': 'True', 'fail_fast': 'False', 'use_colors': 'True', 'use_experimental_parser': 'False', 'empty': 'None', 'quiet': 'False', 'no_print': 'None', 'log_format': 'default', 'introspect': 'True', 'static_parser': 'True', 'warn_error_options': 'WarnErrorOptions(include=[], exclude=[])', 'target_path': 'None', 'invocation_command': 'dbt ', 'send_anonymous_usage_stats': 'True'}
[0m07:46:46.727257 [debug] [MainThread]: Sending event: {'category': 'dbt', 'action': 'project_id', 'label': '398be918-55bd-4625-97da-143e65719208', 'context': [<snowplow_tracker.self_describing_json.SelfDescribingJson object at 0x7194d865bc70>]}
[0m07:46:46.731969 [debug] [MainThread]: Sending event: {'category': 'dbt', 'action': 'project_id', 'label': '5a0f65d5-9711-460a-b3db-5b54c0fde14c', 'context': [<snowplow_tracker.self_describing_json.SelfDescribingJson object at 0x7f35c89986d0>]}
[0m07:46:46.737941 [info ] [MainThread]: Warning: No packages were found in packages.yml
[0m07:46:46.738565 [info ] [MainThread]: Warning: No packages were found in packages.yml
[0m07:46:46.739279 [info ] [MainThread]: Warning: No packages were found in packages.yml
[0m07:46:46.739553 [debug] [MainThread]: Resource report: {"command_name": "deps", "command_success": true, "command_wall_clock_time": 0.16428384, "process_user_time": 1.297398, "process_kernel_time": 0.073965, "process_mem_max_rss": "95980", "process_in_blocks": "184", "process_out_blocks": "8"}
[0m07:46:46.740231 [info ] [MainThread]: Warning: No packages were found in packages.yml
[0m07:46:46.740379 [debug] [MainThread]: Command `cli deps` succeeded at 07:46:46.740158 after 0.17 seconds
[0m07:46:46.740743 [debug] [MainThread]: Sending event: {'category': 'dbt', 'action': 'invocation', 'label': 'end', 'context': [<snowplow_tracker.self_describing_json.SelfDescribingJson object at 0x7194dc525240>, <snowplow_tracker.self_describing_json.SelfDescribingJson object at 0x7194d86e1330>, <snowplow_tracker.self_describing_json.SelfDescribingJson object at 0x7194d865bee0>]}
[0m07:46:46.741081 [debug] [MainThread]: Resource report: {"command_name": "deps", "command_success": true, "command_wall_clock_time": 0.16600838, "process_user_time": 1.271546, "process_kernel_time": 0.065924, "process_mem_max_rss": "95560", "process_out_blocks": "8", "process_in_blocks": "0"}
[0m07:46:46.741472 [debug] [MainThread]: Command `cli deps` succeeded at 07:46:46.741398 after 0.17 seconds
[0m07:46:46.741370 [debug] [MainThread]: Flushing usage events
[0m07:46:46.741748 [debug] [MainThread]: Sending event: {'category': 'dbt', 'action': 'invocation', 'label': 'end', 'context': [<snowplow_tracker.self_describing_json.SelfDescribingJson object at 0x7f35cc91d210>, <snowplow_tracker.self_describing_json.SelfDescribingJson object at 0x7f35c894faf0>, <snowplow_tracker.self_describing_json.SelfDescribingJson object at 0x7f35c899b0a0>]}
[0m07:46:46.742070 [debug] [MainThread]: Flushing usage events
[0m15:01:38.934577 [debug] [MainThread]: Sending event: {'category': 'dbt', 'action': 'invocation', 'label': 'start', 'context': [<snowplow_tracker.self_describing_json.SelfDescribingJson object at 0x74cfa78c9450>, <snowplow_tracker.self_describing_json.SelfDescribingJson object at 0x74cfa3b4ea10>, <snowplow_tracker.self_describing_json.SelfDescribingJson object at 0x74cfa3b4e7d0>]}


============================== 15:01:38.937638 | bb20d10c-8a2a-4954-a40f-c933b2fa4edc ==============================
[0m15:01:38.937638 [info ] [MainThread]: Running with dbt=1.8.8
[0m15:01:38.938035 [debug] [MainThread]: running dbt with arguments {'printer_width': '80', 'indirect_selection': 'eager', 'log_cache_events': 'False', 'write_json': 'True', 'partial_parse': 'True', 'cache_selected_only': 'False', 'warn_error': 'None', 'fail_fast': 'False', 'profiles_dir': '/home/jtsarmento/Projects/airflow-dbt-demo/dbt_project', 'log_path': '/home/jtsarmento/Projects/airflow-dbt-demo/dbt_project/logs', 'debug': 'False', 'version_check': 'True', 'use_colors': 'True', 'use_experimental_parser': 'False', 'no_print': 'None', 'quiet': 'False', 'empty': 'None', 'warn_error_options': 'WarnErrorOptions(include=[], exclude=[])', 'invocation_command': 'dbt ', 'log_format': 'default', 'static_parser': 'True', 'target_path': 'None', 'introspect': 'True', 'send_anonymous_usage_stats': 'True'}
[0m15:01:39.024839 [debug] [MainThread]: Sending event: {'category': 'dbt', 'action': 'project_id', 'label': 'bb20d10c-8a2a-4954-a40f-c933b2fa4edc', 'context': [<snowplow_tracker.self_describing_json.SelfDescribingJson object at 0x74cfa86ba2f0>]}
[0m15:01:39.034007 [info ] [MainThread]: Warning: No packages were found in packages.yml
[0m15:01:39.034627 [info ] [MainThread]: Warning: No packages were found in packages.yml
[0m15:01:39.035561 [debug] [MainThread]: Resource report: {"command_name": "deps", "command_success": true, "command_wall_clock_time": 0.14499076, "process_user_time": 0.869882, "process_kernel_time": 0.0558, "process_mem_max_rss": "96608", "process_in_blocks": "200", "process_out_blocks": "8"}
[0m15:01:39.035905 [debug] [MainThread]: Command `cli deps` succeeded at 15:01:39.035844 after 0.15 seconds
[0m15:01:39.036144 [debug] [MainThread]: Sending event: {'category': 'dbt', 'action': 'invocation', 'label': 'end', 'context': [<snowplow_tracker.self_describing_json.SelfDescribingJson object at 0x74cfa78c9450>, <snowplow_tracker.self_describing_json.SelfDescribingJson object at 0x74cfa3adccd0>, <snowplow_tracker.self_describing_json.SelfDescribingJson object at 0x74cfa3bdb5b0>]}
[0m15:01:39.036395 [debug] [MainThread]: Flushing usage events
[0m16:13:51.464213 [debug] [MainThread]: Sending event: {'category': 'dbt', 'action': 'invocation', 'label': 'start', 'context': [<snowplow_tracker.self_describing_json.SelfDescribingJson object at 0x70b6e4abd3f0>, <snowplow_tracker.self_describing_json.SelfDescribingJson object at 0x70b6e0d8fac0>, <snowplow_tracker.self_describing_json.SelfDescribingJson object at 0x70b6e0d8fcd0>]}


============================== 16:13:51.467074 | 81f5f00f-e51e-46b2-93b7-eb84bf449cdd ==============================
[0m16:13:51.467074 [info ] [MainThread]: Running with dbt=1.8.8
[0m16:13:51.467713 [debug] [MainThread]: running dbt with arguments {'printer_width': '80', 'indirect_selection': 'eager', 'write_json': 'True', 'log_cache_events': 'False', 'partial_parse': 'True', 'cache_selected_only': 'False', 'profiles_dir': '/home/jtsarmento/Projects/airflow-dbt-demo/dbt_project', 'debug': 'False', 'warn_error': 'None', 'log_path': '/home/jtsarmento/Projects/airflow-dbt-demo/dbt_project/logs', 'version_check': 'True', 'fail_fast': 'False', 'use_colors': 'True', 'use_experimental_parser': 'False', 'no_print': 'None', 'quiet': 'False', 'empty': 'None', 'warn_error_options': 'WarnErrorOptions(include=[], exclude=[])', 'introspect': 'True', 'static_parser': 'True', 'log_format': 'default', 'target_path': 'None', 'invocation_command': 'dbt ', 'send_anonymous_usage_stats': 'True'}
[0m16:13:51.552167 [debug] [MainThread]: Sending event: {'category': 'dbt', 'action': 'project_id', 'label': '81f5f00f-e51e-46b2-93b7-eb84bf449cdd', 'context': [<snowplow_tracker.self_describing_json.SelfDescribingJson object at 0x70b6e44eea40>]}
[0m16:13:51.558466 [info ] [MainThread]: Warning: No packages were found in packages.yml
[0m16:13:51.559189 [info ] [MainThread]: Warning: No packages were found in packages.yml
[0m16:13:51.559818 [debug] [MainThread]: Resource report: {"command_name": "deps", "command_success": true, "command_wall_clock_time": 0.14261965, "process_user_time": 0.998359, "process_kernel_time": 0.061836, "process_mem_max_rss": "96648", "process_out_blocks": "16", "process_in_blocks": "0"}
[0m16:13:51.560257 [debug] [MainThread]: Command `cli deps` succeeded at 16:13:51.560134 after 0.14 seconds
[0m16:13:51.560611 [debug] [MainThread]: Sending event: {'category': 'dbt', 'action': 'invocation', 'label': 'end', 'context': [<snowplow_tracker.self_describing_json.SelfDescribingJson object at 0x70b6e4abd3f0>, <snowplow_tracker.self_describing_json.SelfDescribingJson object at 0x70b6e0ddca30>, <snowplow_tracker.self_describing_json.SelfDescribingJson object at 0x70b6e44ee9e0>]}
[0m16:13:51.560953 [debug] [MainThread]: Flushing usage events
